<?xml version="1.0" encoding="UTF-8"?>
<!-- Generated by org.testng.reporters.JUnitXMLReporter -->
<testsuite ignored="0" hostname="Haribhau" failures="0" tests="4" name="Default test" time="15.724" errors="0" timestamp="2023-04-05T12:08:20 IST">
  <testcase classname="test_class.PutTc1" name="orchestrator" time="7.406"/>
  <testcase classname="test_class.PostTc1" name="orchestrator" time="4.199"/>
  <testcase classname="test_class.GetTc1" name="orchestrator" time="1.534"/>
  <testcase classname="test_class.PatchTc1" name="orchestrator" time="2.304"/>
</testsuite> <!-- Default test -->
