<?xml version="1.0" encoding="UTF-8"?>
<!-- Generated by org.testng.reporters.JUnitXMLReporter -->
<testsuite ignored="0" hostname="Haribhau" failures="0" tests="4" name="Test" time="14.164" errors="0" timestamp="2023-04-04T12:21:18 IST">
  <testcase classname="test_class.GetTc1" name="orchestrator" time="4.993"/>
  <testcase classname="test_class.PatchTc1" name="orchestrator" time="5.57"/>
  <testcase classname="test_class.PostTc1" name="orchestrator" time="2.049"/>
  <testcase classname="test_class.PutTc1" name="orchestrator" time="1.305"/>
</testsuite> <!-- Test -->
