<?xml version="1.0" encoding="UTF-8"?>
<testng-results ignored="0" total="4" passed="4" failed="0" skipped="0">
  <reporter-output>
  </reporter-output>
  <suite started-at="2023-04-05T12:08:04 IST" name="Default suite" finished-at="2023-04-05T12:08:20 IST" duration-ms="15724">
    <groups>
    </groups>
    <test started-at="2023-04-05T12:08:04 IST" name="Default test" finished-at="2023-04-05T12:08:20 IST" duration-ms="15724">
      <class name="test_class.PutTc1">
        <test-method signature="orchestrator()[pri:1, instance:test_class.PutTc1@39d9314d]" started-at="2023-04-05T12:08:04 IST" name="orchestrator" description="PUT-API VALIDATION" finished-at="2023-04-05T12:08:12 IST" duration-ms="7406" status="PASS">
          <reporter-output>
          </reporter-output>
        </test-method> <!-- orchestrator -->
      </class> <!-- test_class.PutTc1 -->
      <class name="test_class.PostTc1">
        <test-method signature="orchestrator()[pri:1, instance:test_class.PostTc1@6853425f]" started-at="2023-04-05T12:08:12 IST" name="orchestrator" description="POST-API VALIDATION" finished-at="2023-04-05T12:08:16 IST" duration-ms="4199" status="PASS">
          <reporter-output>
          </reporter-output>
        </test-method> <!-- orchestrator -->
      </class> <!-- test_class.PostTc1 -->
      <class name="test_class.GetTc1">
        <test-method signature="orchestrator()[pri:1, instance:test_class.GetTc1@352c1b98]" started-at="2023-04-05T12:08:16 IST" name="orchestrator" description="GET-API VALIDATION" finished-at="2023-04-05T12:08:18 IST" duration-ms="1534" status="PASS">
          <reporter-output>
          </reporter-output>
        </test-method> <!-- orchestrator -->
      </class> <!-- test_class.GetTc1 -->
      <class name="test_class.PatchTc1">
        <test-method signature="orchestrator()[pri:1, instance:test_class.PatchTc1@21129f1f]" started-at="2023-04-05T12:08:18 IST" name="orchestrator" description="PATCH-API VALIDATION" finished-at="2023-04-05T12:08:20 IST" duration-ms="2304" status="PASS">
          <reporter-output>
          </reporter-output>
        </test-method> <!-- orchestrator -->
      </class> <!-- test_class.PatchTc1 -->
    </test> <!-- Default test -->
  </suite> <!-- Default suite -->
</testng-results>
